0 node:0 START
1 node:1 START
2 node:0 TIMESTEP time:1
3 node:1 TIMESTEP time:1
4 node:0 COMMAND propose
5 SEND src:0 dest:1 proto:0 retreat
6 node:0 TIMESTEP time:2
7 node:1 TIMESTEP time:2
8 RECVD src:0 dest:1 proto:0 retreat
9 SEND src:1 dest:0 proto:0 ack retreat
10 node:0 TIMESTEP time:3
11 node:1 TIMESTEP time:3
12 RECVD src:1 dest:0 proto:0 ack retreat
13 SEND src:0 dest:1 proto:0 ack ack retreat
14 node:0 TIMESTEP time:4
15 node:1 TIMESTEP time:4
16 RECVD src:0 dest:1 proto:0 ack ack retreat
17 SEND src:1 dest:0 proto:0 ack ack ack retreat
18 node:0 TIMESTEP time:5
19 node:1 TIMESTEP time:5
20 RECVD src:1 dest:0 proto:0 ack ack ack retreat
21 SEND src:0 dest:1 proto:0 ack ack ack ack retreat
22 node:0 TIMESTEP time:6
23 node:1 TIMESTEP time:6
24 DELAY src:0 dest:1 proto:0 ack ack ack ack retreat
25 node:0 TIMESTEP time:7
26 node:1 TIMESTEP time:7
27 DELAY src:0 dest:1 proto:0 ack ack ack ack retreat
28 node:0 TIMESTEP time:8
29 node:1 TIMESTEP time:8
30 RECVD src:0 dest:1 proto:0 ack ack ack ack retreat
31 SEND src:1 dest:0 proto:0 ack ack ack ack ack retreat
32 node:0 TIMESTEP time:9
33 node:1 TIMESTEP time:9
34 DELAY src:1 dest:0 proto:0 ack ack ack ack ack retreat
35 node:0 TIMESTEP time:10
36 node:1 TIMESTEP time:10
37 node:1 FAILURE
38 RECVD src:1 dest:0 proto:0 ack ack ack ack ack retreat
39 SEND src:0 dest:1 proto:0 ack ack ack ack ack ack retreat
40 node:0 TIMESTEP time:11
41 node:0 TIMESTEP time:12
42 node:0 STOPPED
