0 node:0 START
1 node:1 START
2 node:0 TIMESTEP time:1
3 node:1 TIMESTEP time:1
4 node:0 COMMAND propose
5 SEND src:0 dest:1 proto:0 attack at 8318525974067571041
6 node:0 TIMESTEP time:2
7 node:1 TIMESTEP time:2
8 RECVD src:0 dest:1 proto:0 attack at 8318525974067571041
9 SEND src:1 dest:0 proto:0 ack attack at 8318525974067571041
10 node:0 TIMESTEP time:3
11 node:1 TIMESTEP time:3
12 DELAY src:1 dest:0 proto:0 ack attack at 8318525974067571041
13 node:0 TIMESTEP time:4
14 node:1 TIMESTEP time:4
15 RECVD src:1 dest:0 proto:0 ack attack at 8318525974067571041
16 SEND src:0 dest:1 proto:0 ack ack attack at 8318525974067571041
17 node:0 TIMESTEP time:5
18 node:1 TIMESTEP time:5
19 DROP src:0 dest:1 proto:0 ack ack attack at 8318525974067571041
20 node:0 TIMESTEP time:6
21 node:1 TIMESTEP time:6
22 node:0 STOPPED
23 node:1 STOPPED
