0 node:1 START
1 node:0 START
2 node:0 TIMESTEP time:1
3 node:1 TIMESTEP time:1
4 node:0 COMMAND propose
5 SEND src:0 dest:1 proto:0 retreat
6 node:0 TIMESTEP time:2
7 node:1 TIMESTEP time:2
8 RECVD src:0 dest:1 proto:0 retreat
9 SEND src:1 dest:0 proto:0 ack retreat
10 node:0 TIMESTEP time:3
11 node:1 TIMESTEP time:3
12 DELAY src:1 dest:0 proto:0 ack retreat
13 node:0 TIMESTEP time:4
14 node:1 TIMESTEP time:4
15 DROP src:1 dest:0 proto:0 ack retreat
16 node:0 TIMESTEP time:5
17 node:1 TIMESTEP time:5
18 node:0 STOPPED
19 node:1 STOPPED
