0 node:0 START
1 node:1 START
2 node:0 TIMESTEP time:1
3 node:1 TIMESTEP time:1
4 node:0 COMMAND propose
5 SEND src:0 dest:1 proto:0 attack at -1661260943895597881
6 node:0 TIMESTEP time:2
7 node:1 TIMESTEP time:2
8 RECVD src:0 dest:1 proto:0 attack at -1661260943895597881
9 SEND src:1 dest:0 proto:0 ack attack at -1661260943895597881
10 node:0 TIMESTEP time:3
11 node:1 TIMESTEP time:3
12 RECVD src:1 dest:0 proto:0 ack attack at -1661260943895597881
13 SEND src:0 dest:1 proto:0 ack ack attack at -1661260943895597881
14 node:0 TIMESTEP time:4
15 node:1 TIMESTEP time:4
16 RECVD src:0 dest:1 proto:0 ack ack attack at -1661260943895597881
17 SEND src:1 dest:0 proto:0 ack ack ack attack at -1661260943895597881
18 node:0 TIMESTEP time:5
19 node:1 TIMESTEP time:5
20 RECVD src:1 dest:0 proto:0 ack ack ack attack at -1661260943895597881
21 SEND src:0 dest:1 proto:0 ack ack ack ack attack at -1661260943895597881
22 node:0 TIMESTEP time:6
23 node:1 TIMESTEP time:6
24 RECVD src:0 dest:1 proto:0 ack ack ack ack attack at -1661260943895597881
25 SEND src:1 dest:0 proto:0 ack ack ack ack ack attack at -1661260943895597881
26 node:0 TIMESTEP time:7
27 node:1 TIMESTEP time:7
28 node:0 FAILURE
29 node:1 TIMESTEP time:8
30 node:1 STOPPED
